# JRE version: OpenJDK Runtime Environment (15.0.1+9) (build 15.0.1+9-18)
# Java VM: OpenJDK 64-Bit Server VM (15.0.1+9-18, mixed mode, tiered, compressed oops, g1 gc, windows-amd64)
GC Precious Log:
 CPUs: 4 total, 4 available
 Memory: 3968M
 Large Page Support: Disabled
 NUMA Support: Disabled
 Compressed Oops: Enabled (32-bit)
 Heap Region Size: 1M
 Heap Min Capacity: 8M
 Heap Initial Capacity: 64M
 Heap Max Capacity: 994M
 Pre-touch: Disabled
 Parallel Workers: 4
 Concurrent Workers: 1
 Concurrent Refinement Workers: 4
 Periodic GC: Disabled
Heap:
 garbage-first heap   total 87040K, used 32228K [0x00000000c1e00000, 0x0000000100000000)
  region size 1024K, 15 young (15360K), 4 survivors (4096K)
 Metaspace       used 52904K, capacity 53316K, committed 53504K, reserved 1095680K
  class space    used 6233K, capacity 6384K, committed 6400K, reserved 1048576K
GC Heap History (20 events):
Event: 5.804 GC heap before
{Heap before GC invocations=12 (full 0):
 garbage-first heap   total 48128K, used 36606K [0x00000000c1e00000, 0x0000000100000000)
  region size 1024K, 27 young (27648K), 4 survivors (4096K)
 Metaspace       used 30874K, capacity 31148K, committed 31360K, reserved 1077248K
  class space    used 3246K, capacity 3346K, committed 3456K, reserved 1048576K
}
Event: 5.813 GC heap after
{Heap after GC invocations=13 (full 0):
 garbage-first heap   total 58368K, used 14416K [0x00000000c1e00000, 0x0000000100000000)
  region size 1024K, 2 young (2048K), 2 survivors (2048K)
 Metaspace       used 30874K, capacity 31148K, committed 31360K, reserved 1077248K
  class space    used 3246K, capacity 3346K, committed 3456K, reserved 1048576K
}
Event: 6.330 GC heap before
{Heap before GC invocations=13 (full 0):
 garbage-first heap   total 58368K, used 46160K [0x00000000c1e00000, 0x0000000100000000)
  region size 1024K, 33 young (33792K), 2 survivors (2048K)
 Metaspace       used 33392K, capacity 33708K, committed 34048K, reserved 1079296K
  class space    used 3657K, capacity 3748K, committed 3840K, reserved 1048576K
}
Event: 6.337 GC heap after
{Heap after GC invocations=14 (full 0):
 garbage-first heap   total 58368K, used 15056K [0x00000000c1e00000, 0x0000000100000000)
  region size 1024K, 3 young (3072K), 3 survivors (3072K)
 Metaspace       used 33392K, capacity 33708K, committed 34048K, reserved 1079296K
  class space    used 3657K, capacity 3748K, committed 3840K, reserved 1048576K
}
Event: 6.774 GC heap before
{Heap before GC invocations=14 (full 0):
 garbage-first heap   total 58368K, used 46800K [0x00000000c1e00000, 0x0000000100000000)
  region size 1024K, 34 young (34816K), 3 survivors (3072K)
 Metaspace       used 35278K, capacity 35638K, committed 35840K, reserved 1081344K
  class space    used 3895K, capacity 4007K, committed 4096K, reserved 1048576K
}
Event: 6.782 GC heap after
{Heap after GC invocations=15 (full 0):
 garbage-first heap   total 58368K, used 16157K [0x00000000c1e00000, 0x0000000100000000)
  region size 1024K, 4 young (4096K), 4 survivors (4096K)
 Metaspace       used 35278K, capacity 35638K, committed 35840K, reserved 1081344K
  class space    used 3895K, capacity 4007K, committed 4096K, reserved 1048576K
}
Event: 6.793 GC heap before
{Heap before GC invocations=15 (full 0):
 garbage-first heap   total 58368K, used 16157K [0x00000000c1e00000, 0x0000000100000000)
  region size 1024K, 5 young (5120K), 4 survivors (4096K)
 Metaspace       used 35377K, capacity 35714K, committed 35840K, reserved 1081344K
  class space    used 3908K, capacity 4009K, committed 4096K, reserved 1048576K
}
Event: 6.802 GC heap after
{Heap after GC invocations=16 (full 0):
 garbage-first heap   total 58368K, used 16136K [0x00000000c1e00000, 0x0000000100000000)
  region size 1024K, 3 young (3072K), 3 survivors (3072K)
 Metaspace       used 35377K, capacity 35714K, committed 35840K, reserved 1081344K
  class space    used 3908K, capacity 4009K, committed 4096K, reserved 1048576K
}
Event: 7.387 GC heap before
{Heap before GC invocations=17 (full 0):
 garbage-first heap   total 58368K, used 46856K [0x00000000c1e00000, 0x0000000100000000)
  region size 1024K, 33 young (33792K), 3 survivors (3072K)
 Metaspace       used 38165K, capacity 38519K, committed 38784K, reserved 1083392K
  class space    used 4266K, capacity 4378K, committed 4480K, reserved 1048576K
}
Event: 7.396 GC heap after
{Heap after GC invocations=18 (full 0):
 garbage-first heap   total 70656K, used 17543K [0x00000000c1e00000, 0x0000000100000000)
  region size 1024K, 4 young (4096K), 4 survivors (4096K)
 Metaspace       used 38165K, capacity 38519K, committed 38784K, reserved 1083392K
  class space    used 4266K, capacity 4378K, committed 4480K, reserved 1048576K
}
Event: 8.009 GC heap before
{Heap before GC invocations=18 (full 0):
 garbage-first heap   total 70656K, used 55431K [0x00000000c1e00000, 0x0000000100000000)
  region size 1024K, 41 young (41984K), 4 survivors (4096K)
 Metaspace       used 41184K, capacity 41598K, committed 41728K, reserved 1085440K
  class space    used 4616K, capacity 4742K, committed 4864K, reserved 1048576K
}
Event: 8.024 GC heap after
{Heap after GC invocations=19 (full 0):
 garbage-first heap   total 70656K, used 19590K [0x00000000c1e00000, 0x0000000100000000)
  region size 1024K, 5 young (5120K), 5 survivors (5120K)
 Metaspace       used 41184K, capacity 41598K, committed 41728K, reserved 1085440K
  class space    used 4616K, capacity 4742K, committed 4864K, reserved 1048576K
}
Event: 8.038 GC heap before
{Heap before GC invocations=19 (full 0):
 garbage-first heap   total 70656K, used 55430K [0x00000000c1e00000, 0x0000000100000000)
  region size 1024K, 41 young (41984K), 5 survivors (5120K)
 Metaspace       used 41184K, capacity 41598K, committed 41728K, reserved 1085440K
  class space    used 4616K, capacity 4742K, committed 4864K, reserved 1048576K
}
Event: 8.048 GC heap after
{Heap after GC invocations=20 (full 0):
 garbage-first heap   total 70656K, used 19959K [0x00000000c1e00000, 0x0000000100000000)
  region size 1024K, 3 young (3072K), 3 survivors (3072K)
 Metaspace       used 41184K, capacity 41598K, committed 41728K, reserved 1085440K
  class space    used 4616K, capacity 4742K, committed 4864K, reserved 1048576K
}
Event: 8.563 GC heap before
{Heap before GC invocations=20 (full 0):
 garbage-first heap   total 70656K, used 56823K [0x00000000c1e00000, 0x0000000100000000)
  region size 1024K, 39 young (39936K), 3 survivors (3072K)
 Metaspace       used 42977K, capacity 43363K, committed 43392K, reserved 1087488K
  class space    used 4822K, capacity 4969K, committed 4992K, reserved 1048576K
}
Event: 8.569 GC heap after
{Heap after GC invocations=21 (full 0):
 garbage-first heap   total 70656K, used 20690K [0x00000000c1e00000, 0x0000000100000000)
  region size 1024K, 4 young (4096K), 4 survivors (4096K)
 Metaspace       used 42977K, capacity 43363K, committed 43392K, reserved 1087488K
  class space    used 4822K, capacity 4969K, committed 4992K, reserved 1048576K
}
Event: 9.267 GC heap before
{Heap before GC invocations=21 (full 0):
 garbage-first heap   total 70656K, used 57554K [0x00000000c1e00000, 0x0000000100000000)
  region size 1024K, 40 young (40960K), 4 survivors (4096K)
 Metaspace       used 47298K, capacity 47701K, committed 48000K, reserved 1091584K
  class space    used 5308K, capacity 5453K, committed 5504K, reserved 1048576K
}
Event: 9.276 GC heap after
{Heap after GC invocations=22 (full 0):
 garbage-first heap   total 87040K, used 21825K [0x00000000c1e00000, 0x0000000100000000)
  region size 1024K, 3 young (3072K), 3 survivors (3072K)
 Metaspace       used 47298K, capacity 47701K, committed 48000K, reserved 1091584K
  class space    used 5308K, capacity 5453K, committed 5504K, reserved 1048576K
}
Event: 10.432 GC heap before
{Heap before GC invocations=22 (full 0):
 garbage-first heap   total 87040K, used 69953K [0x00000000c1e00000, 0x0000000100000000)
  region size 1024K, 50 young (51200K), 3 survivors (3072K)
 Metaspace       used 51911K, capacity 52356K, committed 52608K, reserved 1095680K
  class space    used 6112K, capacity 6256K, committed 6272K, reserved 1048576K
}
Event: 10.439 GC heap after
{Heap after GC invocations=23 (full 0):
 garbage-first heap   total 87040K, used 23012K [0x00000000c1e00000, 0x0000000100000000)
  region size 1024K, 4 young (4096K), 4 survivors (4096K)
 Metaspace       used 51911K, capacity 52356K, committed 52608K, reserved 1095680K
  class space    used 6112K, capacity 6256K, committed 6272K, reserved 1048576K
}

